<?xml version="1.0" encoding="UTF-8"?>
<!-- Generated by org.testng.reporters.JUnitReportReporter -->
<testsuite hostname="LAPTOP-KN1EE0UE" name="com.photo.testng.AlertTest2" tests="1" failures="0" timestamp="3 Aug 2016 02:17:49 GMT" time="5.491" errors="0">
  <testcase name="alertTest" time="5.491" classname="com.photo.testng.AlertTest2"/>
</testsuite> <!-- com.photo.testng.AlertTest2 -->
